Command line:
   or32b_tb_isim_beh.exe
     -simmode  gui
     -simrunnum  0
     -socket  56749

Tue Nov  8 18:49:21 2022


 Elaboration Time: 0.02 sec

 Current Memory Usage: 193.118 Meg

 Total Signals          : 39
 Total Nets             : 45
 Total Signal Drivers   : 14
 Total Blocks           : 16
 Total Primitive Blocks : 10
 Total Processes        : 14
 Total Traceable Variables  : 8
 Total Scalar Nets and Variables : 405
Total Line Count : 20

 Total Simulation Time: 0.04 sec

 Current Memory Usage: 268.62 Meg

Tue Nov  8 18:49:35 2022

