Running: /opt/Xilinx/14.6/ISE_DS/ISE/bin/lin64/unwrapped/fuse -intstyle ise -incremental -o /scratch/convidado/Desktop/processador_or/or32bits/or32b_tb_isim_beh.exe -prj /scratch/convidado/Desktop/processador_or/or32bits/or32b_tb_beh.prj work.or32b_tb 
ISim P.68d (signature 0xfbc00daa)
Number of CPUs detected in this system: 4
Turning on mult-threading, number of parallel sub-compilation jobs: 8 
Determining compilation order of HDL files
Parsing VHDL file "/scratch/convidado/Desktop/processador_or/or32bits/or4b.vhd" into library work
Parsing VHDL file "/scratch/convidado/Desktop/processador_or/or32bits/or8b.vhd" into library work
Parsing VHDL file "/scratch/convidado/Desktop/processador_or/or32bits/or32b.vhd" into library work
Parsing VHDL file "/scratch/convidado/Desktop/processador_or/or32bits/or32b_tb.vhd" into library work
Starting static elaboration
Completed static elaboration
Fuse Memory Usage: 83188 KB
Fuse CPU Usage: 890 ms
Compiling package standard
Compiling package std_logic_1164
Compiling architecture behavioral of entity or4b [or4b_default]
Compiling architecture behavioral of entity or8b [or8b_default]
Compiling architecture behavioral of entity or32b [or32b_default]
Compiling architecture behavior of entity or32b_tb
Time Resolution for simulation is 1ps.
Compiled 9 VHDL Units
Built simulation executable /scratch/convidado/Desktop/processador_or/or32bits/or32b_tb_isim_beh.exe
Fuse Memory Usage: 648868 KB
Fuse CPU Usage: 920 ms
GCC CPU Usage: 380 ms
