Command line:
   or8b_tb_isim_beh.exe
     -simmode  gui
     -simrunnum  0
     -socket  49329

Tue Nov  8 18:38:59 2022


 Elaboration Time: 0.03 sec

 Current Memory Usage: 193.118 Meg

 Total Signals          : 10
 Total Nets             : 11
 Total Signal Drivers   : 4
 Total Blocks           : 5
 Total Primitive Blocks : 3
 Total Processes        : 4
 Total Traceable Variables  : 8
 Total Scalar Nets and Variables : 371
Total Line Count : 10

 Total Simulation Time: 0.05 sec

 Current Memory Usage: 268.62 Meg

Tue Nov  8 18:39:14 2022

